GROUP,PACKAGE,CLASS,INSTRUCTION_MISSED,INSTRUCTION_COVERED,BRANCH_MISSED,BRANCH_COVERED,LINE_MISSED,LINE_COVERED,COMPLEXITY_MISSED,COMPLEXITY_COVERED,METHOD_MISSED,METHOD_COVERED
Kwetter,dao,GebruikerDAOImpCollection,24,0,0,0,6,0,5,0,5,0
Kwetter,dao,KweetDAOImpCollection,41,0,0,0,9,0,6,0,6,0
Kwetter,domain,Gebruiker_,3,0,0,0,1,0,1,0,1,0
Kwetter,domain,Gebruiker.new Object() {...},3,23,0,0,0,1,0,1,0,1
Kwetter,domain,Gebruiker,6,298,7,20,4,88,7,35,0,27
Kwetter,domain,GebruikerRole,5,43,0,0,0,2,1,3,1,3
Kwetter,domain,Kweet_,3,0,0,0,1,0,1,0,1,0
Kwetter,domain,Kweet,8,201,5,15,4,55,5,23,0,18
Kwetter,Service,GebruikerService,26,0,0,0,6,0,2,0,2,0
